2014-05-22 09:41:31,779 INFO  [org.jboss.modules] (main) JBoss Modules version 1.3.3.Final
2014-05-22 09:41:32,033 INFO  [org.jboss.msc] (main) JBoss MSC version 1.2.2.Final
2014-05-22 09:41:32,104 INFO  [org.jboss.as] (MSC service thread 1-5) JBAS015899: WildFly 8.1.0.CR2 "Kenny" starting
2014-05-22 09:41:32,110 DEBUG [org.jboss.as.config] (MSC service thread 1-5) Configured system properties:
	[Standalone] = 
	awt.toolkit = sun.lwawt.macosx.LWCToolkit
	file.encoding = UTF-8
	file.encoding.pkg = sun.io
	file.separator = /
	ftp.nonProxyHosts = local|*.local|169.254/16|*.169.254/16
	gopherProxySet = false
	http.nonProxyHosts = local|*.local|169.254/16|*.169.254/16
	java.awt.graphicsenv = sun.awt.CGraphicsEnvironment
	java.awt.headless = true
	java.awt.printerjob = sun.lwawt.macosx.CPrinterJob
	java.class.path = /Users/dmarchant/servers/torquebox-wildfly/jboss-modules.jar
	java.class.version = 51.0
	java.endorsed.dirs = /Library/Java/JavaVirtualMachines/jdk1.7.0_45.jdk/Contents/Home/jre/lib/endorsed
	java.ext.dirs = /Users/dmarchant/Library/Java/Extensions:/Library/Java/JavaVirtualMachines/jdk1.7.0_45.jdk/Contents/Home/jre/lib/ext:/Library/Java/Extensions:/Network/Library/Java/Extensions:/System/Library/Java/Extensions:/usr/lib/java
	java.home = /Library/Java/JavaVirtualMachines/jdk1.7.0_45.jdk/Contents/Home/jre
	java.io.tmpdir = /var/folders/0m/g09rmkmn2hj74psv9fmgcdth2jw172/T/
	java.library.path = /Users/dmarchant/Library/Java/Extensions:/Library/Java/Extensions:/Network/Library/Java/Extensions:/System/Library/Java/Extensions:/usr/lib/java:.
	java.net.preferIPv4Stack = true
	java.runtime.name = Java(TM) SE Runtime Environment
	java.runtime.version = 1.7.0_45-b18
	java.specification.name = Java Platform API Specification
	java.specification.vendor = Oracle Corporation
	java.specification.version = 1.7
	java.util.logging.manager = org.jboss.logmanager.LogManager
	java.vendor = Oracle Corporation
	java.vendor.url = http://java.oracle.com/
	java.vendor.url.bug = http://bugreport.sun.com/bugreport/
	java.version = 1.7.0_45
	java.vm.info = mixed mode
	java.vm.name = Java HotSpot(TM) 64-Bit Server VM
	java.vm.specification.name = Java Virtual Machine Specification
	java.vm.specification.vendor = Oracle Corporation
	java.vm.specification.version = 1.7
	java.vm.vendor = Oracle Corporation
	java.vm.version = 24.45-b08
	javax.management.builder.initial = org.jboss.as.jmx.PluggableMBeanServerBuilder
	javax.xml.datatype.DatatypeFactory = __redirected.__DatatypeFactory
	javax.xml.parsers.DocumentBuilderFactory = __redirected.__DocumentBuilderFactory
	javax.xml.parsers.SAXParserFactory = __redirected.__SAXParserFactory
	javax.xml.stream.XMLEventFactory = __redirected.__XMLEventFactory
	javax.xml.stream.XMLInputFactory = __redirected.__XMLInputFactory
	javax.xml.stream.XMLOutputFactory = __redirected.__XMLOutputFactory
	javax.xml.transform.TransformerFactory = __redirected.__TransformerFactory
	javax.xml.validation.SchemaFactory:http://www.w3.org/2001/XMLSchema = __redirected.__SchemaFactory
	javax.xml.xpath.XPathFactory:http://java.sun.com/jaxp/xpath/dom = __redirected.__XPathFactory
	jboss.home.dir = /Users/dmarchant/servers/torquebox-wildfly
	jboss.host.name = dmarchant-ltm5
	jboss.modules.dir = /Users/dmarchant/servers/torquebox-wildfly/modules
	jboss.modules.system.pkgs = org.jboss.byteman
	jboss.node.name = dmarchant-ltm5
	jboss.qualified.host.name = dmarchant-ltm5.internal.salesforce.com
	jboss.server.base.dir = /Users/dmarchant/servers/torquebox-wildfly/standalone
	jboss.server.config.dir = /Users/dmarchant/servers/torquebox-wildfly/standalone/configuration
	jboss.server.data.dir = /Users/dmarchant/servers/torquebox-wildfly/standalone/data
	jboss.server.deploy.dir = /Users/dmarchant/servers/torquebox-wildfly/standalone/data/content
	jboss.server.log.dir = /Users/dmarchant/servers/torquebox-wildfly/standalone/log
	jboss.server.name = dmarchant-ltm5
	jboss.server.persist.config = true
	jboss.server.temp.dir = /Users/dmarchant/servers/torquebox-wildfly/standalone/tmp
	line.separator = 

	logging.configuration = file:/Users/dmarchant/servers/torquebox-wildfly/standalone/configuration/logging.properties
	module.path = /Users/dmarchant/servers/torquebox-wildfly/modules
	org.jboss.boot.log.file = /Users/dmarchant/servers/torquebox-wildfly/standalone/log/server.log
	org.jboss.resolver.warning = true
	org.xml.sax.driver = __redirected.__XMLReaderFactory
	os.arch = x86_64
	os.name = Mac OS X
	os.version = 10.8.5
	path.separator = :
	socksNonProxyHosts = local|*.local|169.254/16|*.169.254/16
	sun.arch.data.model = 64
	sun.boot.class.path = /Library/Java/JavaVirtualMachines/jdk1.7.0_45.jdk/Contents/Home/jre/lib/resources.jar:/Library/Java/JavaVirtualMachines/jdk1.7.0_45.jdk/Contents/Home/jre/lib/rt.jar:/Library/Java/JavaVirtualMachines/jdk1.7.0_45.jdk/Contents/Home/jre/lib/sunrsasign.jar:/Library/Java/JavaVirtualMachines/jdk1.7.0_45.jdk/Contents/Home/jre/lib/jsse.jar:/Library/Java/JavaVirtualMachines/jdk1.7.0_45.jdk/Contents/Home/jre/lib/jce.jar:/Library/Java/JavaVirtualMachines/jdk1.7.0_45.jdk/Contents/Home/jre/lib/charsets.jar:/Library/Java/JavaVirtualMachines/jdk1.7.0_45.jdk/Contents/Home/jre/lib/jfr.jar:/Library/Java/JavaVirtualMachines/jdk1.7.0_45.jdk/Contents/Home/jre/lib/JObjC.jar:/Library/Java/JavaVirtualMachines/jdk1.7.0_45.jdk/Contents/Home/jre/classes
	sun.boot.library.path = /Library/Java/JavaVirtualMachines/jdk1.7.0_45.jdk/Contents/Home/jre/lib
	sun.cpu.endian = little
	sun.cpu.isalist = 
	sun.io.unicode.encoding = UnicodeBig
	sun.java.command = /Users/dmarchant/servers/torquebox-wildfly/jboss-modules.jar -mp /Users/dmarchant/servers/torquebox-wildfly/modules org.jboss.as.standalone -Djboss.home.dir=/Users/dmarchant/servers/torquebox-wildfly -Djboss.server.base.dir=/Users/dmarchant/servers/torquebox-wildfly/standalone
	sun.java.launcher = SUN_STANDARD
	sun.jnu.encoding = UTF-8
	sun.management.compiler = HotSpot 64-Bit Tiered Compilers
	sun.os.patch.level = unknown
	user.country = US
	user.dir = /Users/dmarchant/servers/wildfly-8.1.0.CR2-torquebox-3.1
	user.home = /Users/dmarchant
	user.language = en
	user.name = dmarchant
	user.timezone = US/Pacific
2014-05-22 09:41:32,112 DEBUG [org.jboss.as.config] (MSC service thread 1-5) VM Arguments: -D[Standalone] -Xms64m -Xmx512m -XX:MaxPermSize=256m -Djava.net.preferIPv4Stack=true -Djboss.modules.system.pkgs=org.jboss.byteman -Djava.awt.headless=true -Dorg.jboss.boot.log.file=/Users/dmarchant/servers/torquebox-wildfly/standalone/log/server.log -Dlogging.configuration=file:/Users/dmarchant/servers/torquebox-wildfly/standalone/configuration/logging.properties 
2014-05-22 09:41:32,959 INFO  [org.jboss.as.server] (Controller Boot Thread) JBAS015888: Creating http management service using socket-binding (management-http)
2014-05-22 09:41:32,977 INFO  [org.xnio] (MSC service thread 1-14) XNIO version 3.2.2.Final
2014-05-22 09:41:32,986 INFO  [org.xnio.nio] (MSC service thread 1-14) XNIO NIO Implementation Version 3.2.2.Final
2014-05-22 09:41:33,005 INFO  [org.jboss.as.security] (ServerService Thread Pool -- 45) JBAS013171: Activating Security Subsystem
2014-05-22 09:41:33,005 WARN  [org.jboss.as.txn] (ServerService Thread Pool -- 46) JBAS010153: Node identifier property is set to the default value. Please make sure it is unique.
2014-05-22 09:41:33,011 INFO  [org.jboss.as.clustering.infinispan] (ServerService Thread Pool -- 32) JBAS010280: Activating Infinispan subsystem.
2014-05-22 09:41:33,016 INFO  [org.jboss.as.naming] (ServerService Thread Pool -- 40) JBAS011800: Activating Naming Subsystem
2014-05-22 09:41:33,018 INFO  [org.jboss.as.jsf] (ServerService Thread Pool -- 38) JBAS012615: Activated the following JSF Implementations: [main]
2014-05-22 09:41:33,023 INFO  [org.jboss.as.security] (MSC service thread 1-8) JBAS013170: Current PicketBox version=4.0.21.Beta1
2014-05-22 09:41:33,039 INFO  [org.wildfly.extension.undertow] (ServerService Thread Pool -- 47) JBAS017502: Undertow 1.0.10.Final starting
2014-05-22 09:41:33,039 INFO  [org.wildfly.extension.undertow] (MSC service thread 1-10) JBAS017502: Undertow 1.0.10.Final starting
2014-05-22 09:41:33,041 INFO  [org.jboss.as.webservices] (ServerService Thread Pool -- 48) JBAS015537: Activating WebServices Extension
2014-05-22 09:41:33,055 INFO  [org.jboss.as.connector.logging] (MSC service thread 1-11) JBAS010408: Starting JCA Subsystem (IronJacamar 1.1.5.Final)
2014-05-22 09:41:33,070 INFO  [org.jboss.as.connector.subsystems.datasources] (ServerService Thread Pool -- 27) JBAS010403: Deploying JDBC-compliant driver class org.h2.Driver (version 1.3)
2014-05-22 09:41:33,078 INFO  [org.jboss.as.connector.deployers.jdbc] (MSC service thread 1-15) JBAS010417: Started Driver service with driver-name = h2
2014-05-22 09:41:33,107 INFO  [org.jboss.as.naming] (MSC service thread 1-15) JBAS011802: Starting Naming Service
2014-05-22 09:41:33,107 INFO  [org.jboss.as.mail.extension] (MSC service thread 1-2) JBAS015400: Bound mail session [java:jboss/mail/Default]
2014-05-22 09:41:33,109 INFO  [org.jboss.remoting] (MSC service thread 1-14) JBoss Remoting version 4.0.3.Final
2014-05-22 09:41:33,159 INFO  [org.wildfly.extension.undertow] (ServerService Thread Pool -- 47) JBAS017527: Creating file handler for path /Users/dmarchant/servers/torquebox-wildfly/welcome-content
2014-05-22 09:41:33,179 INFO  [org.wildfly.extension.undertow] (MSC service thread 1-4) JBAS017525: Started server default-server.
2014-05-22 09:41:33,196 INFO  [org.wildfly.extension.undertow] (MSC service thread 1-4) JBAS017531: Host default-host starting
2014-05-22 09:41:33,269 INFO  [org.wildfly.extension.undertow] (MSC service thread 1-8) JBAS017519: Undertow HTTP listener default listening on /127.0.0.1:8080
2014-05-22 09:41:33,493 INFO  [org.jboss.as.connector.subsystems.datasources] (MSC service thread 1-9) JBAS010400: Bound data source [java:jboss/datasources/ExampleDS]
2014-05-22 09:41:33,507 INFO  [org.jboss.as.server.deployment.scanner] (MSC service thread 1-10) JBAS015012: Started FileSystemDeploymentService for directory /Users/dmarchant/servers/torquebox-wildfly/standalone/deployments
2014-05-22 09:41:33,823 INFO  [org.jboss.ws.common.management] (MSC service thread 1-8) JBWS022052: Starting JBoss Web Services - Stack CXF Server 4.2.4.Final
2014-05-22 09:41:33,884 INFO  [org.jboss.as] (Controller Boot Thread) JBAS015961: Http management interface listening on http://127.0.0.1:9990/management
2014-05-22 09:41:33,885 INFO  [org.jboss.as] (Controller Boot Thread) JBAS015951: Admin console listening on http://127.0.0.1:9990
2014-05-22 09:41:33,885 INFO  [org.jboss.as] (Controller Boot Thread) JBAS015874: WildFly 8.1.0.CR2 "Kenny" started in 2430ms - Started 184 of 233 services (80 services are lazy, passive or on-demand)
2014-05-22 09:42:29,587 INFO  [org.jboss.as.connector.subsystems.datasources] (MSC service thread 1-2) JBAS010409: Unbound data source [java:jboss/datasources/ExampleDS]
2014-05-22 09:42:29,589 INFO  [org.wildfly.extension.undertow] (MSC service thread 1-8) JBAS017532: Host default-host stopping
2014-05-22 09:42:29,596 INFO  [org.jboss.as.connector.deployers.jdbc] (MSC service thread 1-15) JBAS010418: Stopped Driver service with driver-name = h2
2014-05-22 09:42:29,598 INFO  [org.wildfly.extension.undertow] (MSC service thread 1-2) JBAS017521: Undertow HTTP listener default suspending
2014-05-22 09:42:29,599 INFO  [org.wildfly.extension.undertow] (MSC service thread 1-2) JBAS017520: Undertow HTTP listener default stopped, was bound to /127.0.0.1:8080
2014-05-22 09:42:29,601 INFO  [org.wildfly.extension.undertow] (MSC service thread 1-13) JBAS017506: Undertow 1.0.10.Final stopping
2014-05-22 09:42:29,614 INFO  [org.jboss.as] (MSC service thread 1-3) JBAS015950: WildFly 8.1.0.CR2 "Kenny" stopped in 19ms
